0 info it worked if it ends with ok
1 verbose cli [ 'C:\\Program Files (x86)\\nodejs\\node.exe',
1 verbose cli   'C:\\Users\\user\\AppData\\Roaming\\npm\\node_modules\\npm\\bin\\npm-cli.js',
1 verbose cli   'start' ]
2 info using npm@3.8.0
3 info using node@v4.3.2
4 verbose run-script [ 'prestart', 'start', 'poststart' ]
5 info lifecycle linkit_node@0.1.0~prestart: linkit_node@0.1.0
6 silly lifecycle linkit_node@0.1.0~prestart: no script for prestart, continuing
7 info lifecycle linkit_node@0.1.0~start: linkit_node@0.1.0
8 verbose lifecycle linkit_node@0.1.0~start: unsafe-perm in lifecycle true
9 verbose lifecycle linkit_node@0.1.0~start: PATH: C:\Users\user\AppData\Roaming\npm\node_modules\npm\bin\node-gyp-bin;C:\Users\user\Desktop\linkit_node\node_modules\.bin;C:\Program Files (x86)\nodejs;C:\oraclexe\app\oracle\product\11.2.0\server\bin;;C:\Program Files\ImageMagick-6.9.3-Q16;C:\Program Files (x86)\Intel\iCLS Client\;C:\Program Files\Intel\iCLS Client\;C:\WINDOWS\system32;C:\WINDOWS;C:\WINDOWS\System32\Wbem;C:\WINDOWS\System32\WindowsPowerShell\v1.0\;C:\Program Files\Intel\Intel(R) Management Engine Components\DAL;C:\Program Files (x86)\Intel\Intel(R) Management Engine Components\DAL;C:\Program Files\Intel\Intel(R) Management Engine Components\IPT;C:\Program Files (x86)\Intel\Intel(R) Management Engine Components\IPT;C:\Users\user\.dnx\bin;C:\Program Files\Microsoft DNX\Dnvm\;C:\Program Files (x86)\OpenVPN\bin;C:\Program Files\Java\jdk1.7.0_79\bin\javaw.exe;C:\Users\user\.dnx\bin;C:\Users\user\AppData\Roaming\npm;C:\Program Files (x86)\Java\jre7\bin;C:\Python25;C:\Python25\Scripts;C:\Program Files (x86)\HOTOSM\bin;C:\Program Files (x86)\HOTOSM\lib;C:\osm2pgsql\x64;C:\Program Files\Common Files\Autodesk Shared\;C:\Program Files (x86)\Autodesk\Backburner\;C:\Program Files (x86)\CMake\bin;C:\Program Files (x86)\nodejs\;C:\Program Files\Git\cmd;C:\Program Files (x86)\Brackets\command;C:\Program Files (x86)\MySQL\MySQL Fabric 1.5 & MySQL Utilities 1.5\;C:\Program Files (x86)\MySQL\MySQL Fabric 1.5 & MySQL Utilities 1.5\Doctrine extensions for PHP\;C:\Ruby22-x64\bin;C:\Users\user\.dnx\bin;C:\Program Files (x86)\Java\jre7\bin;C:\Users\user\AppData\Roaming\npm
10 verbose lifecycle linkit_node@0.1.0~start: CWD: C:\Users\user\Desktop\linkit_node
11 silly lifecycle linkit_node@0.1.0~start: Args: [ '/d /s /c', 'node index.js' ]
12 silly lifecycle linkit_node@0.1.0~start: Returned: code: 1  signal: null
13 info lifecycle linkit_node@0.1.0~start: Failed to exec start script
14 verbose stack Error: linkit_node@0.1.0 start: `node index.js`
14 verbose stack Exit status 1
14 verbose stack     at EventEmitter.<anonymous> (C:\Users\user\AppData\Roaming\npm\node_modules\npm\lib\utils\lifecycle.js:239:16)
14 verbose stack     at emitTwo (events.js:87:13)
14 verbose stack     at EventEmitter.emit (events.js:172:7)
14 verbose stack     at ChildProcess.<anonymous> (C:\Users\user\AppData\Roaming\npm\node_modules\npm\lib\utils\spawn.js:24:14)
14 verbose stack     at emitTwo (events.js:87:13)
14 verbose stack     at ChildProcess.emit (events.js:172:7)
14 verbose stack     at maybeClose (internal/child_process.js:821:16)
14 verbose stack     at Process.ChildProcess._handle.onexit (internal/child_process.js:211:5)
15 verbose pkgid linkit_node@0.1.0
16 verbose cwd C:\Users\user\Desktop\linkit_node
17 error Windows_NT 10.0.10586
18 error argv "C:\\Program Files (x86)\\nodejs\\node.exe" "C:\\Users\\user\\AppData\\Roaming\\npm\\node_modules\\npm\\bin\\npm-cli.js" "start"
19 error node v4.3.2
20 error npm  v3.8.0
21 error code ELIFECYCLE
22 error linkit_node@0.1.0 start: `node index.js`
22 error Exit status 1
23 error Failed at the linkit_node@0.1.0 start script 'node index.js'.
23 error Make sure you have the latest version of node.js and npm installed.
23 error If you do, this is most likely a problem with the linkit_node package,
23 error not with npm itself.
23 error Tell the author that this fails on your system:
23 error     node index.js
23 error You can get information on how to open an issue for this project with:
23 error     npm bugs linkit_node
23 error Or if that isn't available, you can get their info via:
23 error     npm owner ls linkit_node
23 error There is likely additional logging output above.
24 verbose exit [ 1, true ]
